<?xml version="1.0" encoding="UTF-8"?>
<!-- Generated by org.testng.reporters.JUnitXMLReporter -->
<testsuite hostname="LAPTOP-E5HOM5DE" ignored="0" name="Surefire test" tests="8" failures="1" timestamp="2019-04-02T11:16:24 EDT" time="150.831" errors="0">
  <testcase name="LoginWithEmptyValue" time="1.12" classname="GmailLogin_All_TestCase.GmailLogin_Test"/>
  <testcase name="LoginWithIncorrectEmail" time="0.88" classname="GmailLogin_All_TestCase.GmailLogin_Test"/>
  <testcase name="LoginWithIncorrectPhone" time="0.881" classname="GmailLogin_All_TestCase.GmailLogin_Test"/>
  <testcase name="LoginWithNotRegisteredPhone" time="0.954" classname="GmailLogin_All_TestCase.GmailLogin_Test"/>
  <testcase name="LoginWithCorrectEmail_IncorrectPassword" time="6.827" classname="GmailLogin_All_TestCase.GmailLogin_Test"/>
  <testcase name="LoginWithCorrectPhone_IncorrectPassword" time="6.734" classname="GmailLogin_All_TestCase.GmailLogin_Test"/>
  <testcase name="LoginWithCorrectEmail_CorrecrPassword" time="15.813" classname="GmailLogin_All_TestCase.GmailLogin_Test"/>
  <testcase name="LoginWithCorrectPhone_CorrecrPassword" time="6.243" classname="GmailLogin_All_TestCase.GmailLogin_Test">
    <failure type="java.lang.AssertionError" message="expected [https://accounts.google.com/signin/v2/sl/pwd?service=mail&amp;amp;passive=true&amp;amp;rm=false&amp;amp;continue=https%3A%2F%2Fmail.google.com%2Fmail%2F&amp;amp;ss=1&amp;amp;scc=1&amp;amp;ltmpl=default&amp;amp;ltmplcache=2&amp;amp;emr=1&amp;amp;osid=1&amp;amp;flowName=GlifWebSignIn&amp;amp;flowEntry=ServiceLogin&amp;amp;cid=1&amp;amp;navigationDirection=forward] but found [https://mail.google.com/mail/u/0/#inbox]">
      <![CDATA[java.lang.AssertionError: expected [https://accounts.google.com/signin/v2/sl/pwd?service=mail&passive=true&rm=false&continue=https%3A%2F%2Fmail.google.com%2Fmail%2F&ss=1&scc=1&ltmpl=default&ltmplcache=2&emr=1&osid=1&flowName=GlifWebSignIn&flowEntry=ServiceLogin&cid=1&navigationDirection=forward] but found [https://mail.google.com/mail/u/0/#inbox]
at GmailLogin_All_TestCase.GmailLogin_Test.LoginWithCorrectPhone_CorrecrPassword(GmailLogin_Test.java:101)
... Removed 37 stack frames]]>
    </failure>
  </testcase> <!-- LoginWithCorrectPhone_CorrecrPassword -->
</testsuite> <!-- Surefire test -->
