-------------------------------------------------------------------------------
Test set: GmailLogin_All_TestCase.GmailLogin_Test
-------------------------------------------------------------------------------
Tests run: 1, Failures: 1, Errors: 0, Skipped: 0, Time elapsed: 28.118 s <<< FAILURE! - in GmailLogin_All_TestCase.GmailLogin_Test
LoginWithCorrectPhone_CorrecrPassword(GmailLogin_All_TestCase.GmailLogin_Test)  Time elapsed: 6.534 s  <<< FAILURE!
java.lang.AssertionError: expected [https://accounts.google.com/signin/v2/sl/pwd?service=mail&passive=true&rm=false&continue=https%3A%2F%2Fmail.google.com%2Fmail%2F&ss=1&scc=1&ltmpl=default&ltmplcache=2&emr=1&osid=1&flowName=GlifWebSignIn&flowEntry=ServiceLogin&cid=1&navigationDirection=forward] but found [https://mail.google.com/mail/u/0/#inbox]
	at GmailLogin_All_TestCase.GmailLogin_Test.LoginWithCorrectPhone_CorrecrPassword(GmailLogin_Test.java:101)

