<?xml version="1.0" encoding="UTF-8"?>
<testng-results skipped="0" failed="1" ignored="0" total="8" passed="7">
  <reporter-output>
  </reporter-output>
  <suite name="Surefire suite" duration-ms="133616" started-at="2019-04-02T10:54:02 EDT" finished-at="2019-04-02T10:56:16 EDT">
    <groups>
    </groups>
    <test name="Surefire test" duration-ms="133616" started-at="2019-04-02T10:54:02 EDT" finished-at="2019-04-02T10:56:16 EDT">
      <class name="GmailLogin_All_TestCase.GmailLogin_Test">
        <test-method status="PASS" signature="beforeMethod()[pri:0, instance:GmailLogin_All_TestCase.GmailLogin_Test@26be92ad]" name="beforeMethod" is-config="true" duration-ms="20414" started-at="2019-04-02T10:54:03 EDT" finished-at="2019-04-02T10:54:23 EDT">
          <reporter-output>
          </reporter-output>
        </test-method> <!-- beforeMethod -->
        <test-method status="PASS" signature="LoginWithEmptyValue()[pri:1, instance:GmailLogin_All_TestCase.GmailLogin_Test@26be92ad]" name="LoginWithEmptyValue" duration-ms="836" started-at="2019-04-02T10:54:23 EDT" finished-at="2019-04-02T10:54:24 EDT">
          <reporter-output>
          </reporter-output>
        </test-method> <!-- LoginWithEmptyValue -->
        <test-method status="PASS" signature="afterMethod()[pri:0, instance:GmailLogin_All_TestCase.GmailLogin_Test@26be92ad]" name="afterMethod" is-config="true" duration-ms="2623" started-at="2019-04-02T10:54:24 EDT" finished-at="2019-04-02T10:54:26 EDT">
          <reporter-output>
          </reporter-output>
        </test-method> <!-- afterMethod -->
        <test-method status="PASS" signature="beforeMethod()[pri:0, instance:GmailLogin_All_TestCase.GmailLogin_Test@26be92ad]" name="beforeMethod" is-config="true" duration-ms="11532" started-at="2019-04-02T10:54:26 EDT" finished-at="2019-04-02T10:54:38 EDT">
          <reporter-output>
          </reporter-output>
        </test-method> <!-- beforeMethod -->
        <test-method status="PASS" signature="LoginWithIncorrectEmail()[pri:2, instance:GmailLogin_All_TestCase.GmailLogin_Test@26be92ad]" name="LoginWithIncorrectEmail" duration-ms="849" started-at="2019-04-02T10:54:38 EDT" finished-at="2019-04-02T10:54:39 EDT">
          <reporter-output>
          </reporter-output>
        </test-method> <!-- LoginWithIncorrectEmail -->
        <test-method status="PASS" signature="afterMethod()[pri:0, instance:GmailLogin_All_TestCase.GmailLogin_Test@26be92ad]" name="afterMethod" is-config="true" duration-ms="1890" started-at="2019-04-02T10:54:39 EDT" finished-at="2019-04-02T10:54:41 EDT">
          <reporter-output>
          </reporter-output>
        </test-method> <!-- afterMethod -->
        <test-method status="PASS" signature="beforeMethod()[pri:0, instance:GmailLogin_All_TestCase.GmailLogin_Test@26be92ad]" name="beforeMethod" is-config="true" duration-ms="11746" started-at="2019-04-02T10:54:41 EDT" finished-at="2019-04-02T10:54:52 EDT">
          <reporter-output>
          </reporter-output>
        </test-method> <!-- beforeMethod -->
        <test-method status="PASS" signature="LoginWithIncorrectPhone()[pri:3, instance:GmailLogin_All_TestCase.GmailLogin_Test@26be92ad]" name="LoginWithIncorrectPhone" duration-ms="887" started-at="2019-04-02T10:54:52 EDT" finished-at="2019-04-02T10:54:53 EDT">
          <reporter-output>
          </reporter-output>
        </test-method> <!-- LoginWithIncorrectPhone -->
        <test-method status="PASS" signature="afterMethod()[pri:0, instance:GmailLogin_All_TestCase.GmailLogin_Test@26be92ad]" name="afterMethod" is-config="true" duration-ms="1984" started-at="2019-04-02T10:54:53 EDT" finished-at="2019-04-02T10:54:55 EDT">
          <reporter-output>
          </reporter-output>
        </test-method> <!-- afterMethod -->
        <test-method status="PASS" signature="beforeMethod()[pri:0, instance:GmailLogin_All_TestCase.GmailLogin_Test@26be92ad]" name="beforeMethod" is-config="true" duration-ms="9739" started-at="2019-04-02T10:54:55 EDT" finished-at="2019-04-02T10:55:05 EDT">
          <reporter-output>
          </reporter-output>
        </test-method> <!-- beforeMethod -->
        <test-method status="PASS" signature="LoginWithNotRegisteredPhone()[pri:4, instance:GmailLogin_All_TestCase.GmailLogin_Test@26be92ad]" name="LoginWithNotRegisteredPhone" duration-ms="918" started-at="2019-04-02T10:55:05 EDT" finished-at="2019-04-02T10:55:06 EDT">
          <reporter-output>
          </reporter-output>
        </test-method> <!-- LoginWithNotRegisteredPhone -->
        <test-method status="PASS" signature="afterMethod()[pri:0, instance:GmailLogin_All_TestCase.GmailLogin_Test@26be92ad]" name="afterMethod" is-config="true" duration-ms="2110" started-at="2019-04-02T10:55:06 EDT" finished-at="2019-04-02T10:55:08 EDT">
          <reporter-output>
          </reporter-output>
        </test-method> <!-- afterMethod -->
        <test-method status="PASS" signature="beforeMethod()[pri:0, instance:GmailLogin_All_TestCase.GmailLogin_Test@26be92ad]" name="beforeMethod" is-config="true" duration-ms="9773" started-at="2019-04-02T10:55:08 EDT" finished-at="2019-04-02T10:55:18 EDT">
          <reporter-output>
          </reporter-output>
        </test-method> <!-- beforeMethod -->
        <test-method status="PASS" signature="LoginWithCorrectEmail_IncorrectPassword()[pri:5, instance:GmailLogin_All_TestCase.GmailLogin_Test@26be92ad]" name="LoginWithCorrectEmail_IncorrectPassword" duration-ms="6788" started-at="2019-04-02T10:55:18 EDT" finished-at="2019-04-02T10:55:25 EDT">
          <reporter-output>
          </reporter-output>
        </test-method> <!-- LoginWithCorrectEmail_IncorrectPassword -->
        <test-method status="PASS" signature="afterMethod()[pri:0, instance:GmailLogin_All_TestCase.GmailLogin_Test@26be92ad]" name="afterMethod" is-config="true" duration-ms="1604" started-at="2019-04-02T10:55:25 EDT" finished-at="2019-04-02T10:55:26 EDT">
          <reporter-output>
          </reporter-output>
        </test-method> <!-- afterMethod -->
        <test-method status="PASS" signature="beforeMethod()[pri:0, instance:GmailLogin_All_TestCase.GmailLogin_Test@26be92ad]" name="beforeMethod" is-config="true" duration-ms="9874" started-at="2019-04-02T10:55:26 EDT" finished-at="2019-04-02T10:55:36 EDT">
          <reporter-output>
          </reporter-output>
        </test-method> <!-- beforeMethod -->
        <test-method status="PASS" signature="LoginWithCorrectPhone_IncorrectPassword()[pri:6, instance:GmailLogin_All_TestCase.GmailLogin_Test@26be92ad]" name="LoginWithCorrectPhone_IncorrectPassword" duration-ms="6710" started-at="2019-04-02T10:55:36 EDT" finished-at="2019-04-02T10:55:43 EDT">
          <reporter-output>
          </reporter-output>
        </test-method> <!-- LoginWithCorrectPhone_IncorrectPassword -->
        <test-method status="PASS" signature="afterMethod()[pri:0, instance:GmailLogin_All_TestCase.GmailLogin_Test@26be92ad]" name="afterMethod" is-config="true" duration-ms="1725" started-at="2019-04-02T10:55:43 EDT" finished-at="2019-04-02T10:55:45 EDT">
          <reporter-output>
          </reporter-output>
        </test-method> <!-- afterMethod -->
        <test-method status="PASS" signature="beforeMethod()[pri:0, instance:GmailLogin_All_TestCase.GmailLogin_Test@26be92ad]" name="beforeMethod" is-config="true" duration-ms="10360" started-at="2019-04-02T10:55:45 EDT" finished-at="2019-04-02T10:55:55 EDT">
          <reporter-output>
          </reporter-output>
        </test-method> <!-- beforeMethod -->
        <test-method status="PASS" signature="LoginWithCorrectEmail_CorrecrPassword()[pri:7, instance:GmailLogin_All_TestCase.GmailLogin_Test@26be92ad]" name="LoginWithCorrectEmail_CorrecrPassword" duration-ms="6156" started-at="2019-04-02T10:55:55 EDT" finished-at="2019-04-02T10:56:01 EDT">
          <reporter-output>
          </reporter-output>
        </test-method> <!-- LoginWithCorrectEmail_CorrecrPassword -->
        <test-method status="PASS" signature="afterMethod()[pri:0, instance:GmailLogin_All_TestCase.GmailLogin_Test@26be92ad]" name="afterMethod" is-config="true" duration-ms="2268" started-at="2019-04-02T10:56:01 EDT" finished-at="2019-04-02T10:56:03 EDT">
          <reporter-output>
          </reporter-output>
        </test-method> <!-- afterMethod -->
        <test-method status="PASS" signature="beforeMethod()[pri:0, instance:GmailLogin_All_TestCase.GmailLogin_Test@26be92ad]" name="beforeMethod" is-config="true" duration-ms="9881" started-at="2019-04-02T10:56:03 EDT" finished-at="2019-04-02T10:56:13 EDT">
          <reporter-output>
          </reporter-output>
        </test-method> <!-- beforeMethod -->
        <test-method status="FAIL" signature="LoginWithCorrectPhone_CorrecrPassword()[pri:8, instance:GmailLogin_All_TestCase.GmailLogin_Test@26be92ad]" name="LoginWithCorrectPhone_CorrecrPassword" duration-ms="1018" started-at="2019-04-02T10:56:13 EDT" finished-at="2019-04-02T10:56:14 EDT">
          <exception class="org.openqa.selenium.ElementClickInterceptedException">
            <message>
              <![CDATA[Element <content class="CwaK9"> is not clickable at point (823,386) because another element <div class="ANuIbb IdAqtf"> obscures it
Build info: version: '3.141.59', revision: 'e82be7d358', time: '2018-11-14T08:17:03'
System info: host: 'LAPTOP-E5HOM5DE', ip: '10.111.96.93', os.name: 'Windows 10', os.arch: 'amd64', os.version: '10.0', java.version: '1.8.0_201'
Driver info: org.openqa.selenium.firefox.FirefoxDriver
Capabilities {acceptInsecureCerts: true, browserName: firefox, browserVersion: 67.0, javascriptEnabled: true, moz:accessibilityChecks: false, moz:buildID: 20190328152334, moz:geckodriverVersion: 0.24.0, moz:headless: false, moz:processID: 3220, moz:profile: C:\Users\Shivangi\AppData\L..., moz:shutdownTimeout: 60000, moz:useNonSpecCompliantPointerOrigin: false, moz:webdriverClick: true, pageLoadStrategy: normal, platform: WINDOWS, platformName: WINDOWS, platformVersion: 10.0, rotatable: false, setWindowRect: true, strictFileInteractability: false, timeouts: {implicit: 0, pageLoad: 300000, script: 30000}, unhandledPromptBehavior: dismiss and notify}
Session ID: db987a67-6f2e-4685-9e00-233e14438df1]]>
            </message>
            <full-stacktrace>
              <![CDATA[org.openqa.selenium.ElementClickInterceptedException: Element <content class="CwaK9"> is not clickable at point (823,386) because another element <div class="ANuIbb IdAqtf"> obscures it
Build info: version: '3.141.59', revision: 'e82be7d358', time: '2018-11-14T08:17:03'
System info: host: 'LAPTOP-E5HOM5DE', ip: '10.111.96.93', os.name: 'Windows 10', os.arch: 'amd64', os.version: '10.0', java.version: '1.8.0_201'
Driver info: org.openqa.selenium.firefox.FirefoxDriver
Capabilities {acceptInsecureCerts: true, browserName: firefox, browserVersion: 67.0, javascriptEnabled: true, moz:accessibilityChecks: false, moz:buildID: 20190328152334, moz:geckodriverVersion: 0.24.0, moz:headless: false, moz:processID: 3220, moz:profile: C:\Users\Shivangi\AppData\L..., moz:shutdownTimeout: 60000, moz:useNonSpecCompliantPointerOrigin: false, moz:webdriverClick: true, pageLoadStrategy: normal, platform: WINDOWS, platformName: WINDOWS, platformVersion: 10.0, rotatable: false, setWindowRect: true, strictFileInteractability: false, timeouts: {implicit: 0, pageLoad: 300000, script: 30000}, unhandledPromptBehavior: dismiss and notify}
Session ID: db987a67-6f2e-4685-9e00-233e14438df1
at sun.reflect.NativeConstructorAccessorImpl.newInstance0(Native Method)
at sun.reflect.NativeConstructorAccessorImpl.newInstance(NativeConstructorAccessorImpl.java:62)
at sun.reflect.DelegatingConstructorAccessorImpl.newInstance(DelegatingConstructorAccessorImpl.java:45)
at java.lang.reflect.Constructor.newInstance(Constructor.java:423)
at org.openqa.selenium.remote.http.W3CHttpResponseCodec.createException(W3CHttpResponseCodec.java:187)
at org.openqa.selenium.remote.http.W3CHttpResponseCodec.decode(W3CHttpResponseCodec.java:122)
at org.openqa.selenium.remote.http.W3CHttpResponseCodec.decode(W3CHttpResponseCodec.java:49)
at org.openqa.selenium.remote.HttpCommandExecutor.execute(HttpCommandExecutor.java:158)
at org.openqa.selenium.remote.service.DriverCommandExecutor.execute(DriverCommandExecutor.java:83)
at org.openqa.selenium.remote.RemoteWebDriver.execute(RemoteWebDriver.java:552)
at org.openqa.selenium.remote.RemoteWebElement.execute(RemoteWebElement.java:285)
at org.openqa.selenium.remote.RemoteWebElement.click(RemoteWebElement.java:84)
at sun.reflect.NativeMethodAccessorImpl.invoke0(Native Method)
at sun.reflect.NativeMethodAccessorImpl.invoke(NativeMethodAccessorImpl.java:62)
at sun.reflect.DelegatingMethodAccessorImpl.invoke(DelegatingMethodAccessorImpl.java:43)
at java.lang.reflect.Method.invoke(Method.java:498)
at org.openqa.selenium.support.pagefactory.internal.LocatingElementHandler.invoke(LocatingElementHandler.java:51)
at com.sun.proxy.$Proxy4.click(Unknown Source)
at GmailLogin_All_TestCase.GmailLogin_Page.CorrectPwd(GmailLogin_Page.java:125)
at GmailLogin_All_TestCase.GmailLogin_Test.LoginWithCorrectPhone_CorrecrPassword(GmailLogin_Test.java:100)
at sun.reflect.NativeMethodAccessorImpl.invoke0(Native Method)
at sun.reflect.NativeMethodAccessorImpl.invoke(NativeMethodAccessorImpl.java:62)
at sun.reflect.DelegatingMethodAccessorImpl.invoke(DelegatingMethodAccessorImpl.java:43)
at java.lang.reflect.Method.invoke(Method.java:498)
at org.testng.internal.MethodInvocationHelper.invokeMethod(MethodInvocationHelper.java:131)
at org.testng.internal.TestInvoker.invokeMethod(TestInvoker.java:570)
at org.testng.internal.TestInvoker.invokeTestMethod(TestInvoker.java:170)
at org.testng.internal.MethodRunner.runInSequence(MethodRunner.java:46)
at org.testng.internal.TestInvoker$MethodInvocationAgent.invoke(TestInvoker.java:790)
at org.testng.internal.TestInvoker.invokeTestMethods(TestInvoker.java:143)
at org.testng.internal.TestMethodWorker.invokeTestMethods(TestMethodWorker.java:146)
at org.testng.internal.TestMethodWorker.run(TestMethodWorker.java:128)
at org.testng.TestRunner.privateRun(TestRunner.java:763)
at org.testng.TestRunner.run(TestRunner.java:594)
at org.testng.SuiteRunner.runTest(SuiteRunner.java:398)
at org.testng.SuiteRunner.runSequentially(SuiteRunner.java:392)
at org.testng.SuiteRunner.privateRun(SuiteRunner.java:355)
at org.testng.SuiteRunner.run(SuiteRunner.java:304)
at org.testng.SuiteRunnerWorker.runSuite(SuiteRunnerWorker.java:53)
at org.testng.SuiteRunnerWorker.run(SuiteRunnerWorker.java:96)
at org.testng.TestNG.runSuitesSequentially(TestNG.java:1146)
at org.testng.TestNG.runSuitesLocally(TestNG.java:1067)
at org.testng.TestNG.runSuites(TestNG.java:997)
at org.testng.TestNG.run(TestNG.java:965)
at org.apache.maven.surefire.testng.TestNGExecutor.run(TestNGExecutor.java:135)
at org.apache.maven.surefire.testng.TestNGDirectoryTestSuite.executeSingleClass(TestNGDirectoryTestSuite.java:112)
at org.apache.maven.surefire.testng.TestNGDirectoryTestSuite.execute(TestNGDirectoryTestSuite.java:99)
at org.apache.maven.surefire.testng.TestNGProvider.invoke(TestNGProvider.java:146)
at org.apache.maven.surefire.booter.ForkedBooter.invokeProviderInSameClassLoader(ForkedBooter.java:384)
at org.apache.maven.surefire.booter.ForkedBooter.runSuitesInProcess(ForkedBooter.java:345)
at org.apache.maven.surefire.booter.ForkedBooter.execute(ForkedBooter.java:126)
at org.apache.maven.surefire.booter.ForkedBooter.main(ForkedBooter.java:418)
]]>
            </full-stacktrace>
          </exception> <!-- org.openqa.selenium.ElementClickInterceptedException -->
          <reporter-output>
          </reporter-output>
        </test-method> <!-- LoginWithCorrectPhone_CorrecrPassword -->
        <test-method status="PASS" signature="afterMethod()[pri:0, instance:GmailLogin_All_TestCase.GmailLogin_Test@26be92ad]" name="afterMethod" is-config="true" duration-ms="1871" started-at="2019-04-02T10:56:14 EDT" finished-at="2019-04-02T10:56:16 EDT">
          <reporter-output>
          </reporter-output>
        </test-method> <!-- afterMethod -->
      </class> <!-- GmailLogin_All_TestCase.GmailLogin_Test -->
    </test> <!-- Surefire test -->
  </suite> <!-- Surefire suite -->
</testng-results>
