<?xml version="1.0" encoding="UTF-8"?>
<testsuite xmlns:xsi="http://www.w3.org/2001/XMLSchema-instance" xsi:noNamespaceSchemaLocation="https://maven.apache.org/surefire/maven-surefire-plugin/xsd/surefire-test-report.xsd" name="GmailLogin_All_TestCase.GmailLogin_Test" time="151.495" tests="8" errors="0" skipped="0" failures="1">
  <properties>
[...]
</properties>
  <testcase name="LoginWithEmptyValue" classname="GmailLogin_All_TestCase.GmailLogin_Test" time="1.12"/>
  <testcase name="LoginWithIncorrectEmail" classname="GmailLogin_All_TestCase.GmailLogin_Test" time="0.88"/>
  <testcase name="LoginWithIncorrectPhone" classname="GmailLogin_All_TestCase.GmailLogin_Test" time="0.881"/>
  <testcase name="LoginWithNotRegisteredPhone" classname="GmailLogin_All_TestCase.GmailLogin_Test" time="0.97"/>
  <testcase name="LoginWithCorrectEmail_IncorrectPassword" classname="GmailLogin_All_TestCase.GmailLogin_Test" time="6.827"/>
  <testcase name="LoginWithCorrectPhone_IncorrectPassword" classname="GmailLogin_All_TestCase.GmailLogin_Test" time="6.734"/>
  <testcase name="LoginWithCorrectEmail_CorrecrPassword" classname="GmailLogin_All_TestCase.GmailLogin_Test" time="15.813"/>
  <testcase name="LoginWithCorrectPhone_CorrecrPassword" classname="GmailLogin_All_TestCase.GmailLogin_Test" time="6.274">
    <failure message="expected [https://accounts.google.com/signin/v2/sl/pwd?service=mail&amp;passive=true&amp;rm=false&amp;continue=https%3A%2F%2Fmail.google.com%2Fmail%2F&amp;ss=1&amp;scc=1&amp;ltmpl=default&amp;ltmplcache=2&amp;emr=1&amp;osid=1&amp;flowName=GlifWebSignIn&amp;flowEntry=ServiceLogin&amp;cid=1&amp;navigationDirection=forward] but found [https://mail.google.com/mail/u/0/#inbox]" type="java.lang.AssertionError"><![CDATA[java.lang.AssertionError: expected [https://accounts.google.com/signin/v2/sl/pwd?service=mail&passive=true&rm=false&continue=https%3A%2F%2Fmail.google.com%2Fmail%2F&ss=1&scc=1&ltmpl=default&ltmplcache=2&emr=1&osid=1&flowName=GlifWebSignIn&flowEntry=ServiceLogin&cid=1&navigationDirection=forward] but found [https://mail.google.com/mail/u/0/#inbox]
	at GmailLogin_All_TestCase.GmailLogin_Test.LoginWithCorrectPhone_CorrecrPassword(GmailLogin_Test.java:101)
]]></failure>
    <system-out><![CDATA[https://accounts.google.com/signin/v2/sl/pwd?service=mail&passive=true&rm=false&continue=https%3A%2F%2Fmail.google.com%2Fmail%2F&ss=1&scc=1&ltmpl=default&ltmplcache=2&emr=1&osid=1&flowName=GlifWebSignIn&flowEntry=ServiceLogin&cid=1&navigationDirection=forward
]]></system-out>
    <system-err><![CDATA[1554218164010	Marionette	INFO	Stopped listening on port 57195
[Child 12732, Chrome_ChildThread] WARNING: pipe error: 109: file z:/task_1553783040/build/src/ipc/chromium/src/chrome/common/ipc_channel_win.cc, line 341
JavaScript error: resource://gre/modules/WebProgressChild.jsm, line 61: TypeError: this.mm.content is null

###!!! [Child][RunMessage] Error: Channel closing: too late to send/recv, messages will be lost


###!!! [Child][RunMessage] Error: Channel closing: too late to send/recv, messages will be lost

[Child 9272, Chrome_ChildThread] WARNING: pipe error: 109: file z:/task_1553783040/build/src/ipc/chromium/src/chrome/common/ipc_channel_win.cc, line 341

###!!! [Child][MessageChannel] Error: (msgtype=0x53000D,name=PHttpChannel::Msg_RemoveCorsPreflightCacheEntry) Closed channel: cannot send/recv


###!!! [Child][RunMessage] Error: Channel closing: too late to send/recv, messages will be lost

[GPU 16856, Chrome_ChildThread] WARNIN
###!!! [Child][MessageChannel::SendAndWait] Error: Channel error: cannot send/recv

1554218166586	mozrunner::runner	INFO	Running command: "C:\\Program Files (x86)\\Mozilla Firefox\\firefox.exe" "-marionette" "-foreground" "-no-remote" "-profile" "C:\\Users\\Shivangi\\AppData\\Local\\Temp\\rust_mozprofile.rR5S60lL9Ew5"
1554218168582	addons.webextension.screenshots@mozilla.org	WARN	Loading extension 'screenshots@mozilla.org': Reading manifest: Invalid extension permission: mozillaAddons
1554218168583	addons.webextension.screenshots@mozilla.org	WARN	Loading extension 'screenshots@mozilla.org': Reading manifest: Invalid extension permission: resource://pdf.js/
1554218168583	addons.webextension.screenshots@mozilla.org	WARN	Loading extension 'screenshots@mozilla.org': Reading manifest: Invalid extension permission: about:reader*
1554218172077	Marionette	INFO	Listening on port 57257
1554218172175	Marionette	WARN	TLS certificate errors will be ignored for this session
Apr 02, 2019 11:16:12 AM org.openqa.selenium.remote.ProtocolHandshake createSession
INFO: Detected dialect: W3C
]]></system-err>
  </testcase>
</testsuite>