<?xml version="1.0" encoding="UTF-8"?>
<testsuite xmlns:xsi="http://www.w3.org/2001/XMLSchema-instance" xsi:noNamespaceSchemaLocation="https://maven.apache.org/surefire/maven-surefire-plugin/xsd/surefire-test-report.xsd" name="GmailLogin_All_TestCase.GmailLogin_Test" time="134.302" tests="8" errors="0" skipped="0" failures="1">
  <properties>
[...]
</properties>
  <testcase name="LoginWithEmptyValue" classname="GmailLogin_All_TestCase.GmailLogin_Test" time="0.836"/>
  <testcase name="LoginWithIncorrectEmail" classname="GmailLogin_All_TestCase.GmailLogin_Test" time="0.833"/>
  <testcase name="LoginWithIncorrectPhone" classname="GmailLogin_All_TestCase.GmailLogin_Test" time="0.887"/>
  <testcase name="LoginWithNotRegisteredPhone" classname="GmailLogin_All_TestCase.GmailLogin_Test" time="0.903"/>
  <testcase name="LoginWithCorrectEmail_IncorrectPassword" classname="GmailLogin_All_TestCase.GmailLogin_Test" time="6.788"/>
  <testcase name="LoginWithCorrectPhone_IncorrectPassword" classname="GmailLogin_All_TestCase.GmailLogin_Test" time="6.725"/>
  <testcase name="LoginWithCorrectEmail_CorrecrPassword" classname="GmailLogin_All_TestCase.GmailLogin_Test" time="6.156"/>
  <testcase name="LoginWithCorrectPhone_CorrecrPassword" classname="GmailLogin_All_TestCase.GmailLogin_Test" time="1.025">
    <failure message="Element &lt;content class=&quot;CwaK9&quot;&gt; is not clickable at point (823,386) because another element &lt;div class=&quot;ANuIbb IdAqtf&quot;&gt; obscures it&#10;Build info: version: &apos;3.141.59&apos;, revision: &apos;e82be7d358&apos;, time: &apos;2018-11-14T08:17:03&apos;&#10;System info: host: &apos;LAPTOP-E5HOM5DE&apos;, ip: &apos;10.111.96.93&apos;, os.name: &apos;Windows 10&apos;, os.arch: &apos;amd64&apos;, os.version: &apos;10.0&apos;, java.version: &apos;1.8.0_201&apos;&#10;Driver info: org.openqa.selenium.firefox.FirefoxDriver&#10;Capabilities {acceptInsecureCerts: true, browserName: firefox, browserVersion: 67.0, javascriptEnabled: true, moz:accessibilityChecks: false, moz:buildID: 20190328152334, moz:geckodriverVersion: 0.24.0, moz:headless: false, moz:processID: 3220, moz:profile: C:\Users\Shivangi\AppData\L..., moz:shutdownTimeout: 60000, moz:useNonSpecCompliantPointerOrigin: false, moz:webdriverClick: true, pageLoadStrategy: normal, platform: WINDOWS, platformName: WINDOWS, platformVersion: 10.0, rotatable: false, setWindowRect: true, strictFileInteractability: false, timeouts: {implicit: 0, pageLoad: 300000, script: 30000}, unhandledPromptBehavior: dismiss and notify}&#10;Session ID: db987a67-6f2e-4685-9e00-233e14438df1" type="org.openqa.selenium.ElementClickInterceptedException"><![CDATA[org.openqa.selenium.ElementClickInterceptedException: 
Element <content class="CwaK9"> is not clickable at point (823,386) because another element <div class="ANuIbb IdAqtf"> obscures it
Build info: version: '3.141.59', revision: 'e82be7d358', time: '2018-11-14T08:17:03'
System info: host: 'LAPTOP-E5HOM5DE', ip: '10.111.96.93', os.name: 'Windows 10', os.arch: 'amd64', os.version: '10.0', java.version: '1.8.0_201'
Driver info: org.openqa.selenium.firefox.FirefoxDriver
Capabilities {acceptInsecureCerts: true, browserName: firefox, browserVersion: 67.0, javascriptEnabled: true, moz:accessibilityChecks: false, moz:buildID: 20190328152334, moz:geckodriverVersion: 0.24.0, moz:headless: false, moz:processID: 3220, moz:profile: C:\Users\Shivangi\AppData\L..., moz:shutdownTimeout: 60000, moz:useNonSpecCompliantPointerOrigin: false, moz:webdriverClick: true, pageLoadStrategy: normal, platform: WINDOWS, platformName: WINDOWS, platformVersion: 10.0, rotatable: false, setWindowRect: true, strictFileInteractability: false, timeouts: {implicit: 0, pageLoad: 300000, script: 30000}, unhandledPromptBehavior: dismiss and notify}
Session ID: db987a67-6f2e-4685-9e00-233e14438df1
	at GmailLogin_All_TestCase.GmailLogin_Test.LoginWithCorrectPhone_CorrecrPassword(GmailLogin_Test.java:100)
]]></failure>
    <system-err><![CDATA[1554216961563	Marionette	INFO	Stopped listening on port 56117
JavaScript error: resource://gre/modules/WebProgressChild.jsm, line 61: TypeError: this.mm.content is null
JavaScript error: https://mail.google.com/_/scs/mail-static/_/js/k=gmail.main.en._4zvnbNqjm0.O/am=v6ABhiHIvpPhZ87daABDcOiUEgP2_0_AU-mv3muVLvCf0_0MdgH8_9IPAAAAAAAAAAAAAAAAAAAAT02a/rt=j/d=1/im=1/dg=0/rs=AHGWq9BoJIRoW5oZqKvafEagUSutcuQmnA/m=b, line 410: NS_ERROR_NOT_INITIALIZED: 

###!!! [Child][MessageChannel] Error: (msgtype=0x610027,name=PNecko::Msg_RemoveRequestContext) Channel closing: too late to send/recv, messages will be lost


###!!! [Child][RunMessage] Error: Channel closing: too late to send/recv, messages will be lost


###!!! [Child][MessageChannel] Error: (msgtype=0x3600BA,name=PContent::Msg_ScriptError) Channel closing: too late to send/recv, messages will be lost


###!!! [Child][RunMessage] Error: Channel closing: too late to send/recv, messages will be lost


###!!! [Child][RunMessage] Error: Channel closing: too late to send/recv, messages will be lost


###!!! [Child][RunMessage] Error: Channel closing: too late to send/recv, messages will be lost


###!!! [Child][RunMessage] Error: Channel closing: too late to send/recv, messages will be lost


###!!! [Child][RunMessage] Error: Channel closing: too late to send/recv, messages will be lost


###!!! [Child][MessageChannel] Error: (msgtype=0x53000D,name=PHttpChannel::Msg_RemoveCorsPreflightCacheEntry) Closed channel: cannot send/recv


###!!! [Child][MessageChannel] Error: (msgtype=0x53000D,name=PHttpChannel::Msg_RemoveCorsPreflightCacheEntry) Closed channel: cannot send/recv


###!!! [Child][RunMessage] Error: Channel closing: too late to send/recv, messages will be lost

[GPU 8896, Chrome_ChildThread] WARNING: pipe error: 10
###!!! [Child][MessageChannel::SendAndWait] Error: Channel error: cannot send/recv

1554216964384	mozrunner::runner	INFO	Running command: "C:\\Program Files (x86)\\Mozilla Firefox\\firefox.exe" "-marionette" "-foreground" "-no-remote" "-profile" "C:\\Users\\Shivangi\\AppData\\Local\\Temp\\rust_mozprofile.hGaEPXCZy5tf"
1554216965979	addons.webextension.screenshots@mozilla.org	WARN	Loading extension 'screenshots@mozilla.org': Reading manifest: Invalid extension permission: mozillaAddons
1554216965980	addons.webextension.screenshots@mozilla.org	WARN	Loading extension 'screenshots@mozilla.org': Reading manifest: Invalid extension permission: resource://pdf.js/
1554216965980	addons.webextension.screenshots@mozilla.org	WARN	Loading extension 'screenshots@mozilla.org': Reading manifest: Invalid extension permission: about:reader*
1554216969200	Marionette	INFO	Listening on port 56181
1554216969358	Marionette	WARN	TLS certificate errors will be ignored for this session
Apr 02, 2019 10:56:09 AM org.openqa.selenium.remote.ProtocolHandshake createSession
INFO: Detected dialect: W3C
]]></system-err>
  </testcase>
</testsuite>